<?xml version="1.0" encoding="UTF-8"?>
<testsuite name="EulerTest" tests="1" skipped="0" failures="0" errors="0" timestamp="2016-02-08T20:58:51" hostname="Timothys-MacBook-Air.local" time="0.002">
  <properties/>
  <testcase name="testSolution001" classname="EulerTest" time="0.002"/>
  <system-out><![CDATA[]]></system-out>
  <system-err><![CDATA[]]></system-err>
</testsuite>
